nohup: ignoring input
============================= test session starts ==============================
platform linux -- Python 3.12.12, pytest-8.4.2, pluggy-1.6.0 -- /home/campus.ncl.ac.uk/c4003490/temp_Elliott_tests/ml-peg/.venv/bin/python
cachedir: .pytest_cache
rootdir: /home/campus.ncl.ac.uk/c4003490/temp_Elliott_tests/ml-peg
configfile: pyproject.toml
plugins: cov-4.1.0, hydra-core-1.3.2, dash-3.4.0, anyio-4.12.1, timeout-2.4.0
collecting ... Loading model from models.yml: mace-mp-0a
Loading model from models.yml: mace-mp-0b3
Loading model from models.yml: mace-mpa-0
Loading model from models.yml: mace-omat-0
Loading model from models.yml: mace-matpes-r2scan
Loading model from models.yml: orb-v3-consv-inf-omat
Loading model from models.yml: omol
Loading model from models.yml: 0totchrg_2L_fl32_new
Loading model from models.yml: pet-mad
collected 1 item

calc_oxidation_states.py::test_iron_oxidation_state_md[mlip1] cuequivariance or cuequivariance_torch is not available. Cuequivariance acceleration will be disabled.
Using Materials Project MACE for MACECalculator with /home/campus.ncl.ac.uk/c4003490/.cache/mace/macemp0b3mediummodel
Using float32 for MACECalculator, which is faster but less accurate. Recommended for MD. Use float64 for geometry optimization.
Using head default out of ['default']
Default dtype float32 does not match model dtype float64, converting models to float32.


PASSED

=============================== warnings summary ===============================
ml_peg/calcs/physicality/oxidation_states/calc_oxidation_states.py::test_iron_oxidation_state_md[mlip1]
  /home/campus.ncl.ac.uk/c4003490/temp_Elliott_tests/ml-peg/.venv/lib/python3.12/site-packages/e3nn/o3/_wigner.py:10: UserWarning: Environment variable TORCH_FORCE_NO_WEIGHTS_ONLY_LOAD detected, since the`weights_only` argument was not explicitly passed to `torch.load`, forcing weights_only=False.
    _Jd, _W3j_flat, _W3j_indices = torch.load(os.path.join(os.path.dirname(__file__), 'constants.pt'))

ml_peg/calcs/physicality/oxidation_states/calc_oxidation_states.py::test_iron_oxidation_state_md[mlip1]
  /home/campus.ncl.ac.uk/c4003490/temp_Elliott_tests/ml-peg/.venv/lib/python3.12/site-packages/mace/calculators/mace.py:197: UserWarning: Environment variable TORCH_FORCE_NO_WEIGHTS_ONLY_LOAD detected, since the`weights_only` argument was not explicitly passed to `torch.load`, forcing weights_only=False.
    torch.load(f=model_path, map_location=device)

ml_peg/calcs/physicality/oxidation_states/calc_oxidation_states.py::test_iron_oxidation_state_md[mlip1]
  /home/campus.ncl.ac.uk/c4003490/temp_Elliott_tests/ml-peg/.venv/lib/python3.12/site-packages/janus_core/calculations/md.py:1581: FutureWarning: NPT thermostat has been moved/renamed to ase.md.melchionna.MelchionnaNPT. Please use this class instead (or a newer NPT thermostat!)
    self.dyn = ASE_NPT(

ml_peg/calcs/physicality/oxidation_states/calc_oxidation_states.py::test_iron_oxidation_state_md[mlip1]
  /home/campus.ncl.ac.uk/c4003490/temp_Elliott_tests/ml-peg/.venv/lib/python3.12/site-packages/torch_dftd/torch_dftd3_calculator.py:98: UserWarning: Creating a tensor from a list of numpy.ndarrays is extremely slow. Please consider converting the list to a single numpy.ndarray with numpy.array() before converting to a tensor. (Triggered internally at /pytorch/torch/csrc/utils/tensor_new.cpp:253.)
    cell: Optional[Tensor] = torch.tensor(

ml_peg/calcs/physicality/oxidation_states/calc_oxidation_states.py::test_iron_oxidation_state_md[mlip1]
  /home/campus.ncl.ac.uk/c4003490/temp_Elliott_tests/ml-peg/.venv/lib/python3.12/site-packages/ase/io/extxyz.py:318: UserWarning: Skipping unhashable information real_time
    warnings.warn('Skipping unhashable information '

-- Docs: https://docs.pytest.org/en/stable/how-to/capture-warnings.html
================= 1 passed, 5 warnings in 55025.06s (15:17:05) =================
